c:\users\natha\source\repos\opengl-tutorials\youtubeopengl 9 - lighting\youtubeopengl\x64\debug\vc143.pdb
c:\users\natha\source\repos\opengl-tutorials\youtubeopengl 9 - lighting\youtubeopengl\x64\debug\vc143.idb
c:\users\natha\source\repos\opengl-tutorials\youtubeopengl 9 - lighting\youtubeopengl\x64\debug\vbo.obj
c:\users\natha\source\repos\opengl-tutorials\youtubeopengl 9 - lighting\youtubeopengl\x64\debug\vao.obj
c:\users\natha\source\repos\opengl-tutorials\youtubeopengl 9 - lighting\youtubeopengl\x64\debug\texture.obj
c:\users\natha\source\repos\opengl-tutorials\youtubeopengl 9 - lighting\youtubeopengl\x64\debug\shaderclass.obj
c:\users\natha\source\repos\opengl-tutorials\youtubeopengl 9 - lighting\youtubeopengl\x64\debug\main.obj
c:\users\natha\source\repos\opengl-tutorials\youtubeopengl 9 - lighting\youtubeopengl\x64\debug\ebo.obj
c:\users\natha\source\repos\opengl-tutorials\youtubeopengl 9 - lighting\youtubeopengl\x64\debug\camera.obj
c:\users\natha\source\repos\opengl-tutorials\youtubeopengl 9 - lighting\youtubeopengl\x64\debug\glad.obj
c:\users\natha\source\repos\opengl-tutorials\youtubeopengl 9 - lighting\youtubeopengl\x64\debug\stb.obj
c:\users\natha\source\repos\opengl-tutorials\youtubeopengl 9 - lighting\x64\debug\youtubeopengl.exe
c:\users\natha\source\repos\opengl-tutorials\youtubeopengl 9 - lighting\x64\debug\youtubeopengl.pdb
c:\users\natha\source\repos\opengl-tutorials\youtubeopengl 9 - lighting\youtubeopengl\x64\debug\youtubeopengl.ilk
c:\users\natha\source\repos\opengl-tutorials\youtubeopengl 9 - lighting\youtubeopengl\x64\debug\main.obj.enc
c:\users\natha\source\repos\opengl-tutorials\youtubeopengl 9 - lighting\youtubeopengl\x64\debug\youtubeopengl.tlog\cl.command.1.tlog
c:\users\natha\source\repos\opengl-tutorials\youtubeopengl 9 - lighting\youtubeopengl\x64\debug\youtubeopengl.tlog\cl.items.tlog
c:\users\natha\source\repos\opengl-tutorials\youtubeopengl 9 - lighting\youtubeopengl\x64\debug\youtubeopengl.tlog\cl.read.1.tlog
c:\users\natha\source\repos\opengl-tutorials\youtubeopengl 9 - lighting\youtubeopengl\x64\debug\youtubeopengl.tlog\cl.write.1.tlog
c:\users\natha\source\repos\opengl-tutorials\youtubeopengl 9 - lighting\youtubeopengl\x64\debug\youtubeopengl.tlog\link.command.1.tlog
c:\users\natha\source\repos\opengl-tutorials\youtubeopengl 9 - lighting\youtubeopengl\x64\debug\youtubeopengl.tlog\link.read.1.tlog
c:\users\natha\source\repos\opengl-tutorials\youtubeopengl 9 - lighting\youtubeopengl\x64\debug\youtubeopengl.tlog\link.secondary.1.tlog
c:\users\natha\source\repos\opengl-tutorials\youtubeopengl 9 - lighting\youtubeopengl\x64\debug\youtubeopengl.tlog\link.write.1.tlog
