  Main.cpp
C:\Users\natha\source\repos\opengl-tutorials\YoutubeOpenGL 9 - Lighting\Main.cpp(41,16): warning C4244: 'initializing': conversion from 'double' to 'float', possible loss of data
C:\Users\natha\source\repos\opengl-tutorials\YoutubeOpenGL 9 - Lighting\Main.cpp(42,16): warning C4244: 'initializing': conversion from 'double' to 'float', possible loss of data
C:\Users\natha\source\repos\opengl-tutorials\YoutubeOpenGL 9 - Lighting\Main.cpp(168,16): warning C4244: 'initializing': conversion from 'double' to 'float', possible loss of data
C:\Users\natha\source\repos\opengl-tutorials\YoutubeOpenGL 9 - Lighting\Main.cpp(169,16): warning C4244: 'initializing': conversion from 'double' to 'float', possible loss of data
C:\Users\natha\source\repos\opengl-tutorials\YoutubeOpenGL 9 - Lighting\Main.cpp(172,14): warning C4244: 'initializing': conversion from 'double' to 'float', possible loss of data
C:\Users\natha\source\repos\opengl-tutorials\YoutubeOpenGL 9 - Lighting\Main.cpp(204,23): warning C4244: 'initializing': conversion from 'double' to 'float', possible loss of data
C:\Users\natha\source\repos\opengl-tutorials\YoutubeOpenGL 9 - Lighting\Main.cpp(358,16): warning C4244: 'initializing': conversion from 'double' to 'float', possible loss of data
C:\Users\natha\source\repos\opengl-tutorials\YoutubeOpenGL 9 - Lighting\Main.cpp(359,16): warning C4244: 'initializing': conversion from 'double' to 'float', possible loss of data
C:\Users\natha\source\repos\opengl-tutorials\YoutubeOpenGL 9 - Lighting\Main.cpp(404,15): warning C4305: 'initializing': truncation from 'double' to 'float'
C:\Users\natha\source\repos\opengl-tutorials\YoutubeOpenGL 9 - Lighting\Main.cpp(458,23): warning C4244: 'initializing': conversion from 'double' to 'float', possible loss of data
C:\Users\natha\source\repos\opengl-tutorials\YoutubeOpenGL 9 - Lighting\Main.cpp(547,23): warning C4305: 'initializing': truncation from 'double' to 'float'
C:\Users\natha\source\repos\opengl-tutorials\YoutubeOpenGL 9 - Lighting\Main.cpp(548,16): warning C4244: 'initializing': conversion from 'double' to 'float', possible loss of data
C:\Users\natha\source\repos\opengl-tutorials\YoutubeOpenGL 9 - Lighting\Main.cpp(859,15): warning C4244: 'initializing': conversion from 'double' to 'float', possible loss of data
C:\Users\natha\source\repos\opengl-tutorials\YoutubeOpenGL 9 - Lighting\Main.cpp(1037,57): warning C4267: 'argument': conversion from 'size_t' to 'GLsizei', possible loss of data
C:\Users\natha\source\repos\opengl-tutorials\YoutubeOpenGL 9 - Lighting\Main.cpp(1041,58): warning C4267: 'argument': conversion from 'size_t' to 'GLsizei', possible loss of data
C:\Users\natha\source\repos\opengl-tutorials\YoutubeOpenGL 9 - Lighting\Main.cpp(1046,56): warning C4267: 'argument': conversion from 'size_t' to 'GLsizei', possible loss of data
C:\Users\natha\source\repos\opengl-tutorials\YoutubeOpenGL 9 - Lighting\Main.cpp(1051,54): warning C4267: 'argument': conversion from 'size_t' to 'GLsizei', possible loss of data
C:\Users\natha\source\repos\opengl-tutorials\YoutubeOpenGL 9 - Lighting\Main.cpp(1056,64): warning C4267: 'argument': conversion from 'size_t' to 'GLsizei', possible loss of data
C:\Users\natha\source\repos\opengl-tutorials\YoutubeOpenGL 9 - Lighting\Main.cpp(1060,60): warning C4267: 'argument': conversion from 'size_t' to 'GLsizei', possible loss of data
C:\Users\natha\source\repos\opengl-tutorials\YoutubeOpenGL 9 - Lighting\Main.cpp(1065,64): warning C4267: 'argument': conversion from 'size_t' to 'GLsizei', possible loss of data
C:\Users\natha\source\repos\opengl-tutorials\YoutubeOpenGL 9 - Lighting\Main.cpp(1070,48): warning C4267: 'argument': conversion from 'size_t' to 'GLsizei', possible loss of data
C:\Users\natha\source\repos\opengl-tutorials\YoutubeOpenGL 9 - Lighting\Main.cpp(1075,53): warning C4267: 'argument': conversion from 'size_t' to 'GLsizei', possible loss of data
  YoutubeOpenGL.vcxproj -> C:\Users\natha\source\repos\opengl-tutorials\YoutubeOpenGL 9 - Lighting\x64\Debug\YoutubeOpenGL.exe
